Line 558: Class MSAdodcLib.Adodc of control Adodc1 was not a loaded control class.
Line 563: The property name _ExtentX in Adodc1 is invalid.
Line 564: The property name _ExtentY in Adodc1 is invalid.
Line 565: The property name ConnectMode in Adodc1 is invalid.
Line 566: The property name CursorLocation in Adodc1 is invalid.
Line 567: The property name IsolationLevel in Adodc1 is invalid.
Line 568: The property name ConnectionTimeout in Adodc1 is invalid.
Line 569: The property name CommandTimeout in Adodc1 is invalid.
Line 570: The property name CursorType in Adodc1 is invalid.
Line 571: The property name LockType in Adodc1 is invalid.
Line 572: The property name CommandType in Adodc1 is invalid.
Line 573: The property name CursorOptions in Adodc1 is invalid.
Line 574: The property name CacheSize in Adodc1 is invalid.
Line 575: The property name MaxRecords in Adodc1 is invalid.
Line 576: The property name BOFAction in Adodc1 is invalid.
Line 577: The property name EOFAction in Adodc1 is invalid.
Line 578: The property name ConnectStringType in Adodc1 is invalid.
Line 582: The property name Orientation in Adodc1 is invalid.
Line 584: The property name Connect in Adodc1 is invalid.
Line 585: The property name OLEDBString in Adodc1 is invalid.
Line 586: The property name OLEDBFile in Adodc1 is invalid.
Line 587: The property name DataSourceName in Adodc1 is invalid.
Line 588: The property name OtherAttributes in Adodc1 is invalid.
Line 589: The property name UserName in Adodc1 is invalid.
Line 590: The property name Password in Adodc1 is invalid.
Line 591: The property name RecordSource in Adodc1 is invalid.
Line 592: The property name Caption in Adodc1 is invalid.
Line 602: The property name _Version in Adodc1 is invalid.
